[2024-01-17 19:12:06 INFO  main] [com.green.hoteldog.OpenKoreanTextTest] Starting OpenKoreanTextTest using Java 17.0.9 with PID 10136 (started by 이영웅 in C:\Users\이영웅\Desktop\Backend\Dog-Hoteling-service)
[2024-01-17 19:12:06 INFO  main] [com.green.hoteldog.OpenKoreanTextTest] The following 1 profile is active: "local-live"
[2024-01-17 19:12:08 INFO  main] [org.springframework.data.repository.config.RepositoryConfigurationDelegate] Multiple Spring Data modules found, entering strict repository configuration mode
[2024-01-17 19:12:08 INFO  main] [org.springframework.data.repository.config.RepositoryConfigurationDelegate] Bootstrapping Spring Data Redis repositories in DEFAULT mode.
[2024-01-17 19:12:08 INFO  main] [org.springframework.data.repository.config.RepositoryConfigurationDelegate] Finished Spring Data repository scanning in 10 ms. Found 0 Redis repository interfaces.
[2024-01-17 19:12:12 WARN  main] [org.springframework.boot.autoconfigure.security.servlet.UserDetailsServiceAutoConfiguration] 

Using generated security password: 51309acd-c771-489b-9f7a-a49860492348

This generated password is for development use only. Your security configuration must be updated before running your application in production.

[2024-01-17 19:12:12 INFO  main] [org.springframework.security.web.DefaultSecurityFilterChain] Will secure any request with [org.springframework.security.web.session.DisableEncodeUrlFilter@6fefc5ea, org.springframework.security.web.context.request.async.WebAsyncManagerIntegrationFilter@6159fb3c, org.springframework.security.web.context.SecurityContextHolderFilter@6f80cf5, org.springframework.security.web.header.HeaderWriterFilter@311a09b2, org.springframework.web.filter.CorsFilter@68f79b7c, org.springframework.security.web.csrf.CsrfFilter@543d2ef3, org.springframework.security.web.authentication.logout.LogoutFilter@71418a4a, org.springframework.security.web.authentication.UsernamePasswordAuthenticationFilter@611587f7, org.springframework.security.web.authentication.ui.DefaultLoginPageGeneratingFilter@6dd2e453, org.springframework.security.web.authentication.ui.DefaultLogoutPageGeneratingFilter@37142579, org.springframework.security.web.authentication.www.BasicAuthenticationFilter@2e19b30, org.springframework.security.web.savedrequest.RequestCacheAwareFilter@4dad2363, org.springframework.security.web.servletapi.SecurityContextHolderAwareRequestFilter@114b2414, org.springframework.security.web.authentication.AnonymousAuthenticationFilter@264576e4, org.springframework.security.web.access.ExceptionTranslationFilter@4af0c50, org.springframework.security.web.access.intercept.AuthorizationFilter@2d2af12e]
[2024-01-17 19:12:12 INFO  main] [com.green.hoteldog.OpenKoreanTextTest] Started OpenKoreanTextTest in 6.786 seconds (process running for 8.279)
[2024-01-17 19:25:39 INFO  main] [com.green.hoteldog.OpenKoreanTextTest] Starting OpenKoreanTextTest using Java 17.0.9 with PID 9460 (started by 이영웅 in C:\Users\이영웅\Desktop\Backend\Dog-Hoteling-service)
[2024-01-17 19:25:39 INFO  main] [com.green.hoteldog.OpenKoreanTextTest] The following 1 profile is active: "local-live"
[2024-01-17 19:25:41 INFO  main] [org.springframework.data.repository.config.RepositoryConfigurationDelegate] Multiple Spring Data modules found, entering strict repository configuration mode
[2024-01-17 19:25:41 INFO  main] [org.springframework.data.repository.config.RepositoryConfigurationDelegate] Bootstrapping Spring Data Redis repositories in DEFAULT mode.
[2024-01-17 19:25:41 INFO  main] [org.springframework.data.repository.config.RepositoryConfigurationDelegate] Finished Spring Data repository scanning in 14 ms. Found 0 Redis repository interfaces.
[2024-01-17 19:25:45 WARN  main] [org.springframework.boot.autoconfigure.security.servlet.UserDetailsServiceAutoConfiguration] 

Using generated security password: 6b3d9689-bd89-401e-8662-9ed368314bd9

This generated password is for development use only. Your security configuration must be updated before running your application in production.

[2024-01-17 19:25:45 INFO  main] [org.springframework.security.web.DefaultSecurityFilterChain] Will secure any request with [org.springframework.security.web.session.DisableEncodeUrlFilter@86bf90b, org.springframework.security.web.context.request.async.WebAsyncManagerIntegrationFilter@5c13af01, org.springframework.security.web.context.SecurityContextHolderFilter@465d1345, org.springframework.security.web.header.HeaderWriterFilter@4dad2363, org.springframework.web.filter.CorsFilter@4aba7617, org.springframework.security.web.csrf.CsrfFilter@2cebf82f, org.springframework.security.web.authentication.logout.LogoutFilter@106802ea, org.springframework.security.web.authentication.UsernamePasswordAuthenticationFilter@4544ab46, org.springframework.security.web.authentication.ui.DefaultLoginPageGeneratingFilter@75d7297d, org.springframework.security.web.authentication.ui.DefaultLogoutPageGeneratingFilter@47c5cbf2, org.springframework.security.web.authentication.www.BasicAuthenticationFilter@68f79b7c, org.springframework.security.web.savedrequest.RequestCacheAwareFilter@2a6c751f, org.springframework.security.web.servletapi.SecurityContextHolderAwareRequestFilter@6dd2e453, org.springframework.security.web.authentication.AnonymousAuthenticationFilter@1031c1a0, org.springframework.security.web.access.ExceptionTranslationFilter@6f80cf5, org.springframework.security.web.access.intercept.AuthorizationFilter@5d8fd077]
[2024-01-17 19:25:45 INFO  main] [com.green.hoteldog.OpenKoreanTextTest] Started OpenKoreanTextTest in 6.39 seconds (process running for 7.668)
[2024-01-17 19:28:11 INFO  main] [com.green.hoteldog.OpenKoreanTextTest] Starting OpenKoreanTextTest using Java 17.0.9 with PID 10400 (started by 이영웅 in C:\Users\이영웅\Desktop\Backend\Dog-Hoteling-service)
[2024-01-17 19:28:11 INFO  main] [com.green.hoteldog.OpenKoreanTextTest] The following 1 profile is active: "local-live"
[2024-01-17 19:28:12 INFO  main] [org.springframework.data.repository.config.RepositoryConfigurationDelegate] Multiple Spring Data modules found, entering strict repository configuration mode
[2024-01-17 19:28:12 INFO  main] [org.springframework.data.repository.config.RepositoryConfigurationDelegate] Bootstrapping Spring Data Redis repositories in DEFAULT mode.
[2024-01-17 19:28:12 INFO  main] [org.springframework.data.repository.config.RepositoryConfigurationDelegate] Finished Spring Data repository scanning in 11 ms. Found 0 Redis repository interfaces.
[2024-01-17 19:28:16 WARN  main] [org.springframework.boot.autoconfigure.security.servlet.UserDetailsServiceAutoConfiguration] 

Using generated security password: 4ade2c69-28fe-4d73-a506-d6662acd340a

This generated password is for development use only. Your security configuration must be updated before running your application in production.

[2024-01-17 19:28:16 INFO  main] [org.springframework.security.web.DefaultSecurityFilterChain] Will secure any request with [org.springframework.security.web.session.DisableEncodeUrlFilter@6159fb3c, org.springframework.security.web.context.request.async.WebAsyncManagerIntegrationFilter@68f79b7c, org.springframework.security.web.context.SecurityContextHolderFilter@674ed201, org.springframework.security.web.header.HeaderWriterFilter@4cacccbf, org.springframework.web.filter.CorsFilter@37142579, org.springframework.security.web.csrf.CsrfFilter@399c408c, org.springframework.security.web.authentication.logout.LogoutFilter@67ecf7ed, org.springframework.security.web.authentication.UsernamePasswordAuthenticationFilter@4d0abb23, org.springframework.security.web.authentication.ui.DefaultLoginPageGeneratingFilter@433b1597, org.springframework.security.web.authentication.ui.DefaultLogoutPageGeneratingFilter@264576e4, org.springframework.security.web.authentication.www.BasicAuthenticationFilter@7b7e4b20, org.springframework.security.web.savedrequest.RequestCacheAwareFilter@114b2414, org.springframework.security.web.servletapi.SecurityContextHolderAwareRequestFilter@57920d6c, org.springframework.security.web.authentication.AnonymousAuthenticationFilter@86bf90b, org.springframework.security.web.access.ExceptionTranslationFilter@5ffd35dd, org.springframework.security.web.access.intercept.AuthorizationFilter@611587f7]
[2024-01-17 19:28:16 INFO  main] [com.green.hoteldog.OpenKoreanTextTest] Started OpenKoreanTextTest in 6.167 seconds (process running for 7.466)
[2024-01-17 19:42:39 INFO  main] [com.green.hoteldog.OpenKoreanTextTest] Starting OpenKoreanTextTest using Java 17.0.9 with PID 14860 (started by 이영웅 in C:\Users\이영웅\Desktop\Backend\Dog-Hoteling-service)
[2024-01-17 19:42:39 INFO  main] [com.green.hoteldog.OpenKoreanTextTest] The following 1 profile is active: "local-live"
[2024-01-17 19:42:40 INFO  main] [org.springframework.data.repository.config.RepositoryConfigurationDelegate] Multiple Spring Data modules found, entering strict repository configuration mode
[2024-01-17 19:42:40 INFO  main] [org.springframework.data.repository.config.RepositoryConfigurationDelegate] Bootstrapping Spring Data Redis repositories in DEFAULT mode.
[2024-01-17 19:42:40 INFO  main] [org.springframework.data.repository.config.RepositoryConfigurationDelegate] Finished Spring Data repository scanning in 13 ms. Found 0 Redis repository interfaces.
[2024-01-17 19:42:44 WARN  main] [org.springframework.boot.autoconfigure.security.servlet.UserDetailsServiceAutoConfiguration] 

Using generated security password: 2e48c955-8c85-4d71-94f6-1f61dae4e8db

This generated password is for development use only. Your security configuration must be updated before running your application in production.

[2024-01-17 19:42:44 INFO  main] [org.springframework.security.web.DefaultSecurityFilterChain] Will secure any request with [org.springframework.security.web.session.DisableEncodeUrlFilter@68f79b7c, org.springframework.security.web.context.request.async.WebAsyncManagerIntegrationFilter@37142579, org.springframework.security.web.context.SecurityContextHolderFilter@4dad2363, org.springframework.security.web.header.HeaderWriterFilter@301d84f6, org.springframework.web.filter.CorsFilter@264576e4, org.springframework.security.web.csrf.CsrfFilter@99223ac, org.springframework.security.web.authentication.logout.LogoutFilter@69d021c1, org.springframework.security.web.authentication.UsernamePasswordAuthenticationFilter@6ab1f85b, org.springframework.security.web.authentication.ui.DefaultLoginPageGeneratingFilter@5d5cd210, org.springframework.security.web.authentication.ui.DefaultLogoutPageGeneratingFilter@86bf90b, org.springframework.security.web.authentication.www.BasicAuthenticationFilter@5ac0bf84, org.springframework.security.web.savedrequest.RequestCacheAwareFilter@57920d6c, org.springframework.security.web.servletapi.SecurityContextHolderAwareRequestFilter@465d1345, org.springframework.security.web.authentication.AnonymousAuthenticationFilter@5c13af01, org.springframework.security.web.access.ExceptionTranslationFilter@311a09b2, org.springframework.security.web.access.intercept.AuthorizationFilter@4d0abb23]
[2024-01-17 19:42:44 INFO  main] [com.green.hoteldog.OpenKoreanTextTest] Started OpenKoreanTextTest in 6.194 seconds (process running for 7.451)
